Build started 2/7/2016 9:04:40 PM.
     1>Project "C:\Users\antell\Desktop\libpd-master\vc10\libpd.vcxproj" on node 2 (Build target(s)).
     1>ClCompile:
         C:\Program Files (x86)\Microsoft Visual Studio 12.0\VC\bin\x86_amd64\CL.exe /c /Zi /nologo /W1 /WX- /O2 /Gm- /EHsc /MD /GS /fp:precise /Zc:wchar_t /Zc:forScope /Fo"x64\Debug\\" /Fd"x64\Debug\vc120.pdb" /Gd /TC /errorReport:prompt ..\libpd_wrapper\s_libpdmidi.c ..\libpd_wrapper\util\ringbuffer.c ..\libpd_wrapper\util\z_print_util.c ..\libpd_wrapper\util\z_queued.c ..\libpd_wrapper\x_libpdreceive.c ..\libpd_wrapper\z_hooks.c ..\libpd_wrapper\z_libpd.c "..\pure-data\src\d_arithmetic.c" "..\pure-data\src\d_resample.c" "..\pure-data\src\d_soundfile.c" "..\pure-data\src\d_ugen.c" "..\pure-data\src\g_toggle.c" "..\pure-data\src\m_sched.c" "..\pure-data\src\s_audio.c"
         s_libpdmidi.c
         ringbuffer.c
         z_print_util.c
         z_queued.c
         x_libpdreceive.c
         z_hooks.c
         z_libpd.c
     1>..\libpd_wrapper\z_libpd.c(180): warning C4028: formal parameter 1 different from declaration
         d_arithmetic.c
         d_resample.c
         d_soundfile.c
         d_ugen.c
         g_toggle.c
         m_sched.c
         s_audio.c
         Generating Code...
       ResourceCompile:
         C:\Program Files (x86)\Windows Kits\8.1\bin\x86\rc.exe /l"0x0409" /nologo /fo"x64\Debug\pd.res" ..\pure-data\src\pd.rc 
       Link:
         C:\Program Files (x86)\Microsoft Visual Studio 12.0\VC\bin\x86_amd64\link.exe /ERRORREPORT:PROMPT /OUT:"C:\Users\antell\Desktop\libpd-master\vc10\x64\Debug\libpd.exe" /NOLOGO kernel32.lib user32.lib gdi32.lib winspool.lib comdlg32.lib advapi32.lib shell32.lib ole32.lib oleaut32.lib uuid.lib odbc32.lib odbccp32.lib /MANIFEST /MANIFESTUAC:"level='asInvoker' uiAccess='false'" /manifest:embed /PDB:"C:\Users\antell\Desktop\libpd-master\vc10\x64\Debug\libpd.pdb" /TLBID:1 /DYNAMICBASE /NXCOMPAT /IMPLIB:"C:\Users\antell\Desktop\libpd-master\vc10\x64\Debug\libpd.lib" /MACHINE:X64 x64\Debug\pd.res
         x64\Debug\s_libpdmidi.obj
         x64\Debug\ringbuffer.obj
         x64\Debug\z_print_util.obj
         x64\Debug\z_queued.obj
         x64\Debug\x_libpdreceive.obj
         x64\Debug\z_hooks.obj
         x64\Debug\z_libpd.obj
         x64\Debug\d_arithmetic.obj
         x64\Debug\d_array.obj
         x64\Debug\d_ctl.obj
         x64\Debug\d_dac.obj
         x64\Debug\d_delay.obj
         x64\Debug\d_fft.obj
         x64\Debug\d_fftroutine.obj
         x64\Debug\d_fft_mayer.obj
         x64\Debug\d_filter.obj
         x64\Debug\d_global.obj
         x64\Debug\d_math.obj
         x64\Debug\d_misc.obj
         x64\Debug\d_osc.obj
         x64\Debug\d_resample.obj
         x64\Debug\d_soundfile.obj
         x64\Debug\d_ugen.obj
         x64\Debug\g_all_guis.obj
         x64\Debug\g_array.obj
         x64\Debug\g_bang.obj
         x64\Debug\g_canvas.obj
         x64\Debug\g_editor.obj
         x64\Debug\g_graph.obj
         x64\Debug\g_guiconnect.obj
         x64\Debug\g_hdial.obj
         x64\Debug\g_hslider.obj
         x64\Debug\g_io.obj
         x64\Debug\g_mycanvas.obj
         x64\Debug\g_numbox.obj
         x64\Debug\g_readwrite.obj
         x64\Debug\g_rtext.obj
         x64\Debug\g_scalar.obj
         x64\Debug\g_template.obj
         x64\Debug\g_text.obj
         x64\Debug\g_toggle.obj
         x64\Debug\g_traversal.obj
         x64\Debug\g_vdial.obj
         x64\Debug\g_vslider.obj
         x64\Debug\g_vumeter.obj
         x64\Debug\m_atom.obj
         x64\Debug\m_binbuf.obj
         x64\Debug\m_class.obj
         x64\Debug\m_conf.obj
         x64\Debug\m_glob.obj
         x64\Debug\m_memory.obj
         x64\Debug\m_obj.obj
         x64\Debug\m_pd.obj
         x64\Debug\m_sched.obj
         x64\Debug\s_audio.obj
         x64\Debug\s_audio_dummy.obj
         x64\Debug\s_file.obj
         x64\Debug\s_inter.obj
         x64\Debug\s_loader.obj
         x64\Debug\s_main.obj
         x64\Debug\s_path.obj
         x64\Debug\s_print.obj
         x64\Debug\s_utf8.obj
         x64\Debug\x_acoustics.obj
         x64\Debug\x_arithmetic.obj
         x64\Debug\x_connective.obj
         x64\Debug\x_gui.obj
         x64\Debug\x_interface.obj
         x64\Debug\x_list.obj
         x64\Debug\x_midi.obj
         x64\Debug\x_misc.obj
         x64\Debug\x_net.obj
         x64\Debug\x_qlist.obj
         x64\Debug\x_time.obj
     1>LINK : fatal error LNK1561: entry point must be defined
     1>Done Building Project "C:\Users\antell\Desktop\libpd-master\vc10\libpd.vcxproj" (Build target(s)) -- FAILED.

Build FAILED.

Time Elapsed 00:00:01.08
