Build started 2/7/2016 8:59:52 PM.
     1>Project "C:\Users\antell\Desktop\libpd-master\vc10\libpd.vcxproj" on node 2 (Build target(s)).
     1>ResourceCompile:
         C:\Program Files (x86)\Windows Kits\8.1\bin\x86\rc.exe /D _UNICODE /D UNICODE /l"0x0409" /nologo /fo"Debug\pd.res" ..\pure-data\src\pd.rc 
       Lib:
         C:\Program Files (x86)\Microsoft Visual Studio 12.0\VC\bin\Lib.exe /OUT:"C:\Users\antell\Desktop\libpd-master\vc10\Debug\libpdd.lib" /NOLOGO Debug\pd.res
         Debug\s_libpdmidi.obj
         Debug\ringbuffer.obj
         Debug\z_print_util.obj
         Debug\z_queued.obj
         Debug\x_libpdreceive.obj
         Debug\z_hooks.obj
         Debug\z_libpd.obj
         Debug\d_arithmetic.obj
         Debug\d_array.obj
         Debug\d_ctl.obj
         Debug\d_dac.obj
         Debug\d_delay.obj
         Debug\d_fft.obj
         Debug\d_fftroutine.obj
         Debug\d_fft_mayer.obj
         Debug\d_filter.obj
         Debug\d_global.obj
         Debug\d_math.obj
         Debug\d_misc.obj
         Debug\d_osc.obj
         Debug\d_resample.obj
         Debug\d_soundfile.obj
         Debug\d_ugen.obj
         Debug\g_all_guis.obj
         Debug\g_array.obj
         Debug\g_bang.obj
         Debug\g_canvas.obj
         Debug\g_editor.obj
         Debug\g_graph.obj
         Debug\g_guiconnect.obj
         Debug\g_hdial.obj
         Debug\g_hslider.obj
         Debug\g_io.obj
         Debug\g_mycanvas.obj
         Debug\g_numbox.obj
         Debug\g_readwrite.obj
         Debug\g_rtext.obj
         Debug\g_scalar.obj
         Debug\g_template.obj
         Debug\g_text.obj
         Debug\g_toggle.obj
         Debug\g_traversal.obj
         Debug\g_vdial.obj
         Debug\g_vslider.obj
         Debug\g_vumeter.obj
         Debug\m_atom.obj
         Debug\m_binbuf.obj
         Debug\m_class.obj
         Debug\m_conf.obj
         Debug\m_glob.obj
         Debug\m_memory.obj
         Debug\m_obj.obj
         Debug\m_pd.obj
         Debug\m_sched.obj
         Debug\s_audio.obj
         Debug\s_audio_dummy.obj
         Debug\s_file.obj
         Debug\s_inter.obj
         Debug\s_loader.obj
         Debug\s_main.obj
         Debug\s_path.obj
         Debug\s_print.obj
         Debug\s_utf8.obj
         Debug\x_acoustics.obj
         Debug\x_arithmetic.obj
         Debug\x_connective.obj
         Debug\x_gui.obj
         Debug\x_interface.obj
         Debug\x_list.obj
         Debug\x_midi.obj
         Debug\x_misc.obj
         Debug\x_net.obj
         Debug\x_qlist.obj
         Debug\x_time.obj
     1>LINK : warning LNK4068: /MACHINE not specified; defaulting to X86
         libpd.vcxproj -> C:\Users\antell\Desktop\libpd-master\vc10\Debug\libpdd.lib
     1>Done Building Project "C:\Users\antell\Desktop\libpd-master\vc10\libpd.vcxproj" (Build target(s)).

Build succeeded.

Time Elapsed 00:00:00.24
