Build started 2/7/2016 9:09:22 PM.
     1>Project "C:\Users\antell\Desktop\libpd-master\vc10\libpd.vcxproj" on node 2 (Build target(s)).
     1>ClCompile:
         C:\Program Files (x86)\Microsoft Visual Studio 12.0\VC\bin\x86_amd64\CL.exe /c /Zi /nologo /W1 /WX- /O2 /Gm- /EHsc /MD /GS /fp:precise /Zc:wchar_t /Zc:forScope /Fo"x64\Release\\" /Fd"x64\Release\vc120.pdb" /Gd /TP /errorReport:prompt ..\cpp\PdBase.cpp
         PdBase.cpp
     1>C:\Users\antell\Desktop\libpd-master\pure-data\src\m_pd.h(82): warning C4091: 'extern ' : ignored on left of '_array' when no variable is declared
     1>C:\Users\antell\Desktop\libpd-master\pure-data\src\m_pd.h(150): warning C4091: 'extern ' : ignored on left of '_class' when no variable is declared
     1>C:\Users\antell\Desktop\libpd-master\pure-data\src\m_pd.h(153): warning C4091: 'extern ' : ignored on left of '_outlet' when no variable is declared
     1>C:\Users\antell\Desktop\libpd-master\pure-data\src\m_pd.h(156): warning C4091: 'extern ' : ignored on left of '_inlet' when no variable is declared
     1>C:\Users\antell\Desktop\libpd-master\pure-data\src\m_pd.h(159): warning C4091: 'extern ' : ignored on left of '_binbuf' when no variable is declared
     1>C:\Users\antell\Desktop\libpd-master\pure-data\src\m_pd.h(162): warning C4091: 'extern ' : ignored on left of '_clock' when no variable is declared
     1>C:\Users\antell\Desktop\libpd-master\pure-data\src\m_pd.h(165): warning C4091: 'extern ' : ignored on left of '_outconnect' when no variable is declared
     1>C:\Users\antell\Desktop\libpd-master\pure-data\src\m_pd.h(168): warning C4091: 'extern ' : ignored on left of '_glist' when no variable is declared
     1>C:\Users\antell\Desktop\libpd-master\pure-data\src\m_pd.h(392): warning C4091: 'extern ' : ignored on left of '_widgetbehavior' when no variable is declared
     1>C:\Users\antell\Desktop\libpd-master\pure-data\src\m_pd.h(395): warning C4091: 'extern ' : ignored on left of '_parentwidgetbehavior' when no variable is declared
     1>C:\Users\antell\Desktop\libpd-master\pure-data\src\m_pd.h(587): warning C4091: 'extern ' : ignored on left of '_garray' when no variable is declared
       Lib:
         C:\Program Files (x86)\Microsoft Visual Studio 12.0\VC\bin\x86_amd64\Lib.exe /OUT:"C:\Users\antell\Desktop\libpd-master\vc10\x64\Release\libpd.lib" /NOLOGO /MACHINE:X64 x64\Release\pd.res
         x64\Release\PdBase.obj
         x64\Release\PdTypes.obj
         x64\Release\s_libpdmidi.obj
         x64\Release\ringbuffer.obj
         x64\Release\z_print_util.obj
         x64\Release\z_queued.obj
         x64\Release\x_libpdreceive.obj
         x64\Release\z_hooks.obj
         x64\Release\z_libpd.obj
         x64\Release\d_arithmetic.obj
         x64\Release\d_array.obj
         x64\Release\d_ctl.obj
         x64\Release\d_dac.obj
         x64\Release\d_delay.obj
         x64\Release\d_fft.obj
         x64\Release\d_fftroutine.obj
         x64\Release\d_fft_mayer.obj
         x64\Release\d_filter.obj
         x64\Release\d_global.obj
         x64\Release\d_math.obj
         x64\Release\d_misc.obj
         x64\Release\d_osc.obj
         x64\Release\d_resample.obj
         x64\Release\d_soundfile.obj
         x64\Release\d_ugen.obj
         x64\Release\g_all_guis.obj
         x64\Release\g_array.obj
         x64\Release\g_bang.obj
         x64\Release\g_canvas.obj
         x64\Release\g_editor.obj
         x64\Release\g_graph.obj
         x64\Release\g_guiconnect.obj
         x64\Release\g_hdial.obj
         x64\Release\g_hslider.obj
         x64\Release\g_io.obj
         x64\Release\g_mycanvas.obj
         x64\Release\g_numbox.obj
         x64\Release\g_readwrite.obj
         x64\Release\g_rtext.obj
         x64\Release\g_scalar.obj
         x64\Release\g_template.obj
         x64\Release\g_text.obj
         x64\Release\g_toggle.obj
         x64\Release\g_traversal.obj
         x64\Release\g_vdial.obj
         x64\Release\g_vslider.obj
         x64\Release\g_vumeter.obj
         x64\Release\m_atom.obj
         x64\Release\m_binbuf.obj
         x64\Release\m_class.obj
         x64\Release\m_conf.obj
         x64\Release\m_glob.obj
         x64\Release\m_memory.obj
         x64\Release\m_obj.obj
         x64\Release\m_pd.obj
         x64\Release\m_sched.obj
         x64\Release\s_audio.obj
         x64\Release\s_audio_dummy.obj
         x64\Release\s_file.obj
         x64\Release\s_inter.obj
         x64\Release\s_loader.obj
         x64\Release\s_main.obj
         x64\Release\s_path.obj
         x64\Release\s_print.obj
         x64\Release\s_utf8.obj
         x64\Release\x_acoustics.obj
         x64\Release\x_arithmetic.obj
         x64\Release\x_connective.obj
         x64\Release\x_gui.obj
         x64\Release\x_interface.obj
         x64\Release\x_list.obj
         x64\Release\x_midi.obj
         x64\Release\x_misc.obj
         x64\Release\x_net.obj
         x64\Release\x_qlist.obj
         x64\Release\x_time.obj
         libpd.vcxproj -> C:\Users\antell\Desktop\libpd-master\vc10\x64\Release\libpd.lib
     1>Done Building Project "C:\Users\antell\Desktop\libpd-master\vc10\libpd.vcxproj" (Build target(s)).

Build succeeded.

Time Elapsed 00:00:00.76
